2025-12-13 16:54:36.468 +08:00 [INF] 郊狼&役次元游戏适配面板 启动中...
2025-12-13 16:54:37.078 +08:00 [INF] App services initialized
2025-12-13 16:54:37.079 +08:00 [INF] MainWindow initialized
2025-12-13 16:54:39.628 +08:00 [DBG] Switched to page: OCR
2025-12-13 16:54:46.840 +08:00 [DBG] Switched to page: Events
2025-12-13 16:54:48.888 +08:00 [DBG] Switched to page: Plugins
2025-12-13 16:54:53.891 +08:00 [DBG] Switched to page: Events
2025-12-13 16:54:57.228 +08:00 [DBG] Switched to page: Plugins
2025-12-13 16:54:57.628 +08:00 [DBG] Switched to page: Events
2025-12-13 16:55:03.459 +08:00 [DBG] Switched to page: OCR
2025-12-13 16:55:07.665 +08:00 [DBG] Switched to page: Settings
2025-12-13 16:55:21.920 +08:00 [DBG] Switched to page: Devices
2025-12-13 16:55:22.874 +08:00 [INF] Connecting to DG-LAB via WebSocket...
2025-12-13 16:55:24.486 +08:00 [ERR] Failed to connect DG-LAB
System.Net.WebSockets.WebSocketException (0x80004005): Unable to connect to the remote server
 ---> System.Net.Http.HttpRequestException: The SSL connection could not be established, see inner exception.
 ---> System.IO.IOException: Received an unexpected EOF or 0 bytes from the transport stream.
   at System.Net.Security.SslStream.ReceiveHandshakeFrameAsync[TIOAdapter](CancellationToken cancellationToken)
   at System.Net.Security.SslStream.ForceAuthenticationAsync[TIOAdapter](Boolean receiveFirst, Byte[] reAuthenticationData, CancellationToken cancellationToken)
   at System.Net.Http.ConnectHelper.EstablishSslConnectionAsync(SslClientAuthenticationOptions sslOptions, HttpRequestMessage request, Boolean async, Stream stream, CancellationToken cancellationToken)
   --- End of inner exception stack trace ---
   at System.Net.Http.ConnectHelper.EstablishSslConnectionAsync(SslClientAuthenticationOptions sslOptions, HttpRequestMessage request, Boolean async, Stream stream, CancellationToken cancellationToken)
   at System.Net.Http.HttpConnectionPool.ConnectAsync(HttpRequestMessage request, Boolean async, CancellationToken cancellationToken)
   at System.Net.Http.HttpConnectionPool.CreateHttp11ConnectionAsync(HttpRequestMessage request, Boolean async, CancellationToken cancellationToken)
   at System.Net.Http.HttpConnectionPool.AddHttp11ConnectionAsync(QueueItem queueItem)
   at System.Threading.Tasks.TaskCompletionSourceWithCancellation`1.WaitWithCancellationAsync(CancellationToken cancellationToken)
   at System.Net.Http.HttpConnectionPool.SendWithVersionDetectionAndRetryAsync(HttpRequestMessage request, Boolean async, Boolean doRequestAuth, CancellationToken cancellationToken)
   at System.Net.Http.RedirectHandler.SendAsync(HttpRequestMessage request, Boolean async, CancellationToken cancellationToken)
   at System.Net.WebSockets.WebSocketHandle.ConnectAsync(Uri uri, HttpMessageInvoker invoker, CancellationToken cancellationToken, ClientWebSocketOptions options)
   at System.Net.WebSockets.WebSocketHandle.ConnectAsync(Uri uri, HttpMessageInvoker invoker, CancellationToken cancellationToken, ClientWebSocketOptions options)
   at System.Net.WebSockets.ClientWebSocket.ConnectAsyncCore(Uri uri, HttpMessageInvoker invoker, CancellationToken cancellationToken)
   at ChargingPanel.Core.Devices.DGLab.DGLabWebSocketAdapter.ConnectAsync(ConnectionConfig config, CancellationToken cancellationToken) in F:\dev\dglab_yokonex-charging-panel\src\Core\Devices\DGLab\WebSocketAdapter.cs:line 70
   at ChargingPanel.Core.Devices.DeviceManager.ConnectDeviceAsync(String deviceId, CancellationToken ct) in F:\dev\dglab_yokonex-charging-panel\src\Core\Devices\DeviceManager.cs:line 126
   at ChargingPanel.Desktop.Views.Pages.DevicesPage.OnConnectDGLabClick(Object sender, RoutedEventArgs e) in F:\dev\dglab_yokonex-charging-panel\src\Desktop\Views\Pages\DevicesPage.axaml.cs:line 132
2025-12-13 16:56:57.550 +08:00 [DBG] Switched to page: OCR
2025-12-13 16:57:48.600 +08:00 [DBG] Switched to page: Events
2025-12-13 16:57:53.175 +08:00 [DBG] Switched to page: Devices
2025-12-13 16:57:58.441 +08:00 [DBG] Switched to page: Settings
2025-12-13 16:58:01.663 +08:00 [DBG] Switched to page: Plugins
2025-12-13 17:20:24.292 +08:00 [INF] 郊狼&役次元游戏适配面板 启动中...
2025-12-13 17:20:25.336 +08:00 [INF] App services initialized
2025-12-13 17:21:12.255 +08:00 [INF] 郊狼&役次元游戏适配面板 启动中...
2025-12-13 17:21:13.265 +08:00 [INF] App services initialized
2025-12-13 17:21:13.281 +08:00 [DBG] Switched to page: Overview
2025-12-13 17:21:13.281 +08:00 [INF] MainWindow initialized
2025-12-13 17:22:37.319 +08:00 [DBG] Switched to page: Devices
2025-12-13 17:24:17.290 +08:00 [DBG] Switched to page: Control
2025-12-13 17:24:20.231 +08:00 [DBG] Switched to page: OCR
2025-12-13 17:24:28.646 +08:00 [DBG] Switched to page: Events
2025-12-13 17:24:32.745 +08:00 [DBG] Switched to page: Plugins
2025-12-13 17:24:34.025 +08:00 [DBG] Switched to page: Logs
2025-12-13 17:24:36.235 +08:00 [DBG] Switched to page: Settings
2025-12-13 18:47:47.155 +08:00 [INF] 郊狼&役次元游戏适配面板 启动中...
2025-12-13 18:47:47.699 +08:00 [INF] App services initialized
2025-12-13 18:47:47.709 +08:00 [DBG] Switched to page: Overview
2025-12-13 18:47:47.709 +08:00 [INF] MainWindow initialized
2025-12-13 18:48:06.667 +08:00 [DBG] Switched to page: Devices
2025-12-13 18:48:29.887 +08:00 [DBG] Switched to page: Overview
2025-12-13 18:48:34.223 +08:00 [DBG] Switched to page: Devices
2025-12-13 18:48:58.097 +08:00 [DBG] Switched to page: Overview
2025-12-13 18:49:01.758 +08:00 [DBG] Switched to page: Devices
2025-12-13 18:49:02.216 +08:00 [DBG] Switched to page: OCR
2025-12-13 18:49:07.912 +08:00 [DBG] Switched to page: Control
2025-12-13 18:49:14.512 +08:00 [DBG] Switched to page: Devices
2025-12-13 18:49:24.824 +08:00 [DBG] Switched to page: Overview
2025-12-13 18:49:32.987 +08:00 [DBG] Switched to page: Devices
2025-12-13 18:51:07.708 +08:00 [DBG] Switched to page: Control
2025-12-13 18:51:08.893 +08:00 [DBG] Switched to page: Devices
2025-12-13 18:51:09.414 +08:00 [DBG] Switched to page: Control
2025-12-13 18:53:14.607 +08:00 [DBG] Switched to page: OCR
2025-12-13 18:53:45.859 +08:00 [DBG] Switched to page: Settings
2025-12-13 18:53:50.615 +08:00 [DBG] Switched to page: Control
2025-12-13 18:53:52.194 +08:00 [DBG] Switched to page: Devices
2025-12-13 18:54:09.762 +08:00 [DBG] Switched to page: OCR
2025-12-13 18:54:44.497 +08:00 [DBG] Switched to page: Events
2025-12-13 18:55:39.668 +08:00 [DBG] Switched to page: Plugins
2025-12-13 18:55:41.992 +08:00 [DBG] Switched to page: Logs
2025-12-13 18:55:43.011 +08:00 [DBG] Switched to page: Settings
2025-12-13 19:14:34.789 +08:00 [INF] 郊狼&役次元游戏适配面板 启动中...
2025-12-13 19:14:35.351 +08:00 [INF] App services initialized
2025-12-13 19:14:35.360 +08:00 [DBG] Switched to page: Overview
2025-12-13 19:14:35.360 +08:00 [INF] MainWindow initialized
2025-12-13 19:14:55.019 +08:00 [DBG] Switched to page: Devices
2025-12-13 19:15:20.895 +08:00 [DBG] Switched to page: Control
2025-12-13 19:15:25.320 +08:00 [DBG] Switched to page: OCR
2025-12-13 19:16:11.573 +08:00 [DBG] Switched to page: Events
2025-12-13 19:16:30.430 +08:00 [DBG] Switched to page: Plugins
2025-12-13 19:16:32.512 +08:00 [DBG] Switched to page: Logs
2025-12-13 19:16:33.184 +08:00 [DBG] Switched to page: Settings
2025-12-13 19:18:05.611 +08:00 [DBG] Switched to page: Overview
2025-12-13 19:18:11.752 +08:00 [DBG] Switched to page: Devices
2025-12-13 19:18:15.439 +08:00 [DBG] Switched to page: Overview
2025-12-13 19:18:18.580 +08:00 [DBG] Switched to page: Control
2025-12-13 19:18:22.665 +08:00 [DBG] Switched to page: Overview
2025-12-13 19:18:24.568 +08:00 [DBG] Switched to page: Control
2025-12-13 19:19:52.307 +08:00 [DBG] Switched to page: OCR
2025-12-13 19:19:52.578 +08:00 [DBG] Switched to page: Events
2025-12-13 19:19:57.469 +08:00 [DBG] Switched to page: OCR
2025-12-13 19:19:57.804 +08:00 [DBG] Switched to page: Devices
2025-12-13 19:19:58.057 +08:00 [DBG] Switched to page: Overview
